<?xml version="1.0" encoding="UTF-8"?>
<!-- Generated by org.testng.reporters.JUnitXMLReporter -->
<testsuite hostname="DESKTOP-TTNDD5P" name="Test" tests="4" failures="4" timestamp="28 Jul 2019 04:46:03 GMT" time="90.772" errors="0">
  <testcase name="VerifyLogin" time="10.323" classname="com.hybridprofinal.test.VerifyLoginTest">
    <failure type="java.lang.AssertionError" message="expected [OrangeHRM1] but found [OrangeHRM]">
      <![CDATA[java.lang.AssertionError: expected [OrangeHRM1] but found [OrangeHRM]
	at com.hybridpro.pageobjects.HomePage.VerifyHomePage(HomePage.java:28)
	at com.hybridprofinal.test.VerifyLoginTest.VerifyLogin(VerifyLoginTest.java:45)
... Removed 29 stack frames]]>
    </failure>
  </testcase> <!-- VerifyLogin -->
  <testcase name="VerifyLogin" time="2.568" classname="com.hybridprofinal.test.VerifyLoginTest">
    <failure type="java.lang.AssertionError" message="expected [OrangeHRM1] but found [OrangeHRM]">
      <![CDATA[java.lang.AssertionError: expected [OrangeHRM1] but found [OrangeHRM]
	at com.hybridpro.pageobjects.HomePage.VerifyHomePage(HomePage.java:28)
	at com.hybridprofinal.test.VerifyLoginTest.VerifyLogin(VerifyLoginTest.java:45)
... Removed 29 stack frames]]>
    </failure>
  </testcase> <!-- VerifyLogin -->
  <testcase name="VerifyLogin" time="19.861" classname="com.hybridprofinal.test.VerifyLoginTest">
    <failure type="java.lang.AssertionError" message="expected [OrangeHRM1] but found [OrangeHRM]">
      <![CDATA[java.lang.AssertionError: expected [OrangeHRM1] but found [OrangeHRM]
	at com.hybridpro.pageobjects.HomePage.VerifyHomePage(HomePage.java:28)
	at com.hybridprofinal.test.VerifyLoginTest.VerifyLogin(VerifyLoginTest.java:45)
... Removed 29 stack frames]]>
    </failure>
  </testcase> <!-- VerifyLogin -->
  <testcase name="VerifyLogin" time="3.636" classname="com.hybridprofinal.test.VerifyLoginTest">
    <failure type="java.lang.AssertionError" message="expected [OrangeHRM1] but found [OrangeHRM]">
      <![CDATA[java.lang.AssertionError: expected [OrangeHRM1] but found [OrangeHRM]
	at com.hybridpro.pageobjects.HomePage.VerifyHomePage(HomePage.java:28)
	at com.hybridprofinal.test.VerifyLoginTest.VerifyLogin(VerifyLoginTest.java:45)
... Removed 29 stack frames]]>
    </failure>
  </testcase> <!-- VerifyLogin -->
</testsuite> <!-- Test -->
