<?xml version="1.0" encoding="UTF-8"?>
<testng-results skipped="0" failed="0" total="1" passed="1">
  <reporter-output>
  </reporter-output>
  <suite name="Suite" duration-ms="11229" started-at="2020-05-21T08:37:48Z" finished-at="2020-05-21T08:38:00Z">
    <groups>
    </groups>
    <test name="Test" duration-ms="11229" started-at="2020-05-21T08:37:48Z" finished-at="2020-05-21T08:38:00Z">
      <class name="com.hybridprofinal.test.VerifyLoginTest">
        <test-method status="PASS" signature="BrowserSetUp()[pri:0, instance:com.hybridprofinal.test.VerifyLoginTest@59ec2012]" name="BrowserSetUp" is-config="true" duration-ms="5049" started-at="2020-05-21T14:07:48Z" finished-at="2020-05-21T14:07:53Z">
          <reporter-output>
          </reporter-output>
        </test-method> <!-- BrowserSetUp -->
        <test-method status="PASS" signature="VerifyLogin(java.lang.reflect.Method)[pri:0, instance:com.hybridprofinal.test.VerifyLoginTest@59ec2012]" name="VerifyLogin" duration-ms="5462" started-at="2020-05-21T14:07:53Z" finished-at="2020-05-21T14:07:59Z">
          <params>
            <param index="0">
              <value>
                <![CDATA[public void com.hybridprofinal.test.VerifyLoginTest.VerifyLogin(java.lang.reflect.Method) throws java.io.IOException,org.json.simple.parser.ParseException]]>
              </value>
            </param>
          </params>
          <reporter-output>
          </reporter-output>
        </test-method> <!-- VerifyLogin -->
        <test-method status="PASS" signature="CleanUp()[pri:0, instance:com.hybridprofinal.test.VerifyLoginTest@59ec2012]" name="CleanUp" is-config="true" duration-ms="707" started-at="2020-05-21T14:07:59Z" finished-at="2020-05-21T14:08:00Z">
          <reporter-output>
          </reporter-output>
        </test-method> <!-- CleanUp -->
      </class> <!-- com.hybridprofinal.test.VerifyLoginTest -->
    </test> <!-- Test -->
  </suite> <!-- Suite -->
</testng-results>
